<?xml version="1.0" encoding="UTF-8"?>
<!-- Generated by org.testng.reporters.JUnitReportReporter -->
<testsuite hostname="blaukhin-nb" name="com.example.tests.ContactRemoveTests" tests="1" failures="0" timestamp="24 Sep 2014 18:30:37 GMT" time="0.966" errors="0">
  <testcase name="deleteCertainContact" time="0.966" classname="com.example.tests.ContactRemoveTests"/>
</testsuite> <!-- com.example.tests.ContactRemoveTests -->
