<?xml version="1.0" encoding="UTF-8"?>
<!-- Generated by org.testng.reporters.JUnitReportReporter -->
<testsuite hostname="blaukhin-nb" name="com.example.tests.ContactCreationTests" tests="2" failures="0" timestamp="24 Sep 2014 18:30:37 GMT" time="5.917" errors="0">
  <testcase name="testAddNonEmptyContact" time="2.522" classname="com.example.tests.ContactCreationTests"/>
  <testcase name="testAddEmptyContact" time="3.395" classname="com.example.tests.ContactCreationTests"/>
</testsuite> <!-- com.example.tests.ContactCreationTests -->
