<?xml version="1.0" encoding="UTF-8"?>
<!-- Generated by org.testng.reporters.JUnitReportReporter -->
<testsuite hostname="blaukhin-nb" name="com.example.tests.GroupUpdateTests" tests="2" failures="0" timestamp="24 Sep 2014 05:17:19 GMT" time="2.695" errors="0">
  <testcase name="updateCertainGroup2" time="1.288" classname="com.example.tests.GroupUpdateTests"/>
  <testcase name="updateCertainGroup" time="1.407" classname="com.example.tests.GroupUpdateTests"/>
</testsuite> <!-- com.example.tests.GroupUpdateTests -->
