<?xml version="1.0" encoding="UTF-8"?>
<!-- Generated by org.testng.reporters.JUnitReportReporter -->
<testsuite hostname="blaukhin-nb" name="com.example.tests.ContactUpdateTests" tests="1" failures="0" timestamp="24 Sep 2014 05:17:19 GMT" time="2.073" errors="0">
  <testcase name="updateCertainContact" time="2.073" classname="com.example.tests.ContactUpdateTests"/>
</testsuite> <!-- com.example.tests.ContactUpdateTests -->
