<?xml version="1.0" encoding="UTF-8"?>
<!-- Generated by org.testng.reporters.JUnitReportReporter -->
<testsuite hostname="blaukhin-nb" name="com.example.tests.AlsoGroupCreationTests" tests="2" failures="0" timestamp="15 Sep 2014 17:07:30 GMT" time="2.191" errors="0">
  <testcase name="testAddEmptyGroupCreation" time="1.116" classname="com.example.tests.AlsoGroupCreationTests"/>
  <testcase name="testAddNonEmptyGroup" time="1.075" classname="com.example.tests.AlsoGroupCreationTests"/>
</testsuite> <!-- com.example.tests.AlsoGroupCreationTests -->
