<?xml version="1.0" encoding="UTF-8"?>
<!-- Generated by org.testng.reporters.JUnitReportReporter -->
<testsuite hostname="blaukhin-nb" name="com.example.tests.GroupRemoveTests" tests="1" failures="0" timestamp="24 Sep 2014 05:17:19 GMT" time="0.718" errors="0">
  <testcase name="deleteCertainGroup" time="0.718" classname="com.example.tests.GroupRemoveTests"/>
</testsuite> <!-- com.example.tests.GroupRemoveTests -->
