<?xml version="1.0" encoding="UTF-8"?>
<!-- Generated by org.testng.reporters.JUnitReportReporter -->
<testsuite hostname="blaukhin-nb" name="com.example.tests.ContactCreationTests" tests="2" failures="0" timestamp="16 Sep 2014 05:50:53 GMT" time="3.032" errors="0">
  <testcase name="testAddEmptyContact" time="1.392" classname="com.example.tests.ContactCreationTests"/>
  <testcase name="testAddNonEmptyContact" time="1.640" classname="com.example.tests.ContactCreationTests"/>
</testsuite> <!-- com.example.tests.ContactCreationTests -->
