<?xml version="1.0" encoding="UTF-8"?>
<!-- Generated by org.testng.reporters.JUnitReportReporter -->
<testsuite hostname="blaukhin-nb" name="com.example.tests.ContactCreationTests" tests="2" failures="0" timestamp="16 Sep 2014 05:30:37 GMT" time="3.624" errors="0">
  <testcase name="testAddEmptyContact" time="1.448" classname="com.example.tests.ContactCreationTests"/>
  <testcase name="testAddNonEmptyContact" time="2.176" classname="com.example.tests.ContactCreationTests"/>
</testsuite> <!-- com.example.tests.ContactCreationTests -->
