<?xml version="1.0" encoding="UTF-8"?>
<!-- Generated by org.testng.reporters.JUnitReportReporter -->
<testsuite hostname="blaukhin-nb" name="com.example.tests.ContactCreationTests" tests="2" failures="0" timestamp="24 Sep 2014 05:17:19 GMT" time="5.070" errors="0">
  <testcase name="testAddEmptyContact" time="1.842" classname="com.example.tests.ContactCreationTests"/>
  <testcase name="testAddNonEmptyContact" time="3.228" classname="com.example.tests.ContactCreationTests"/>
</testsuite> <!-- com.example.tests.ContactCreationTests -->
