<?xml version="1.0" encoding="UTF-8"?>
<!-- Generated by org.testng.reporters.JUnitReportReporter -->
<testsuite hostname="blaukhin-nb" name="com.example.tests.GroupUpdateTests" tests="2" failures="0" timestamp="24 Sep 2014 18:30:37 GMT" time="2.409" errors="0">
  <testcase name="updateCertainGroup2" time="1.165" classname="com.example.tests.GroupUpdateTests"/>
  <testcase name="updateCertainGroup" time="1.244" classname="com.example.tests.GroupUpdateTests"/>
</testsuite> <!-- com.example.tests.GroupUpdateTests -->
