<?xml version="1.0" encoding="UTF-8"?>
<!-- Generated by org.testng.reporters.JUnitReportReporter -->
<testsuite hostname="blaukhin-nb" name="com.example.tests.GroupCreationTests" tests="2" failures="0" timestamp="16 Sep 2014 05:50:53 GMT" time="2.599" errors="0">
  <testcase name="testAddEmptyGroupCreation" time="1.584" classname="com.example.tests.GroupCreationTests"/>
  <testcase name="testAddNonEmptyGroup" time="1.015" classname="com.example.tests.GroupCreationTests"/>
</testsuite> <!-- com.example.tests.GroupCreationTests -->
